<?xml version="1.0" encoding="UTF-8"?>
<beans xmlns="http://www.springframework.org/schema/beans"
       xmlns:xsi="http://www.w3.org/2001/XMLSchema-instance"
       xmlns:context="http://www.springframework.org/schema/context"
       xmlns:tx="http://www.springframework.org/schema/tx"
              xmlns:aop="http://www.springframework.org/schema/aop"
       xsi:schemaLocation="http://www.springframework.org/schema/beans
                           http://www.springframework.org/schema/beans/spring-beans.xsd
                           http://www.springframework.org/schema/mvc
                           http://www.springframework.org/schema/mvc/spring-mvc.xsd
                           http://www.springframework.org/schema/tx 
                           http://www.springframework.org/schema/tx/spring-tx-3.0.xsd
                           http://www.springframework.org/schema/context
                           http://www.springframework.org/schema/context/spring-context.xsd
       http://www.springframework.org/schema/aop http://www.springframework.org/schema/aop/spring-aop-3.2.xsd"> 

    <!-- Bean definitions go here -->
    <!-- Bean definitions go here -->
    <tx:annotation-driven />

    <!-- Bean definitions go here -->
    <bean id="dataSource"
      class="org.apache.commons.dbcp2.BasicDataSource">
    <property name="driverClassName" value="com.mysql.jdbc.Driver"/>
    <property name="url" 
              value="jdbc:mysql://localhost:3306/SuperHeroSightingsTest" />
    <property name="username" value="root" />
    <property name="password" value="root" />
    <property name="initialSize" value="5" />
    <property name="maxTotal" value="10" />
    </bean>
    <bean id="jdbcTemplate"
      class="org.springframework.jdbc.core.JdbcTemplate">
    <property name="dataSource" ref="dataSource" />
    </bean>
    <bean id="transactionManager"
     class="org.springframework.jdbc.datasource.DataSourceTransactionManager">
        <property name="dataSource" ref="dataSource" />
    </bean>
    <bean id="heroDao"
      class="com.sg.superhero.dao.HeroDaoDbImpl"> 
      <property name="jdbcTemplate" ref="jdbcTemplate" /> 
    </bean>
    <bean id="superpowerDao"
      class="com.sg.superhero.dao.SuperPowerDaoDbImpl"> 
       <property name="jdbcTemplate" ref="jdbcTemplate" />  
    </bean>  
    <bean id="contactDao"
      class="com.sg.superhero.dao.ContactDaoDbImpl"> 
       <property name="jdbcTemplate" ref="jdbcTemplate" />  
    </bean> 
     <bean id="addressDao"
      class="com.sg.superhero.dao.AddressDaoDbImpl"> 
       <property name="jdbcTemplate" ref="jdbcTemplate" />  
    </bean>   
    <bean id="organizationDao"
      class="com.sg.superhero.dao.OrganizationDaoDbImpl"> 
      <property name="jdbcTemplate" ref="jdbcTemplate" /> 
    </bean>  
    <bean id="orgMemberDao"
      class="com.sg.superhero.dao.OrgMemberDbImpl"> 
      <property name="jdbcTemplate" ref="jdbcTemplate" /> 
    </bean>  
    <bean id="heroSuperpowerDao"
      class="com.sg.superhero.dao.HeroSuperpowerDaoDbImpl"> 
      <property name="jdbcTemplate" ref="jdbcTemplate" /> 
    </bean>      
    <bean id="locationDao"
      class="com.sg.superhero.dao.LocationDaoDbImpl"> 
      <property name="jdbcTemplate" ref="jdbcTemplate" /> 
    </bean> 
        <bean id="sightingDao"
      class="com.sg.superhero.dao.SightingsDaoDbImpl"> 
      <property name="jdbcTemplate" ref="jdbcTemplate" /> 
    </bean> 
    <bean id="serviceLayer"
       class="com.sg.superhero.service.SuperHeroServiceLayerDBImpl">
        <constructor-arg ref="heroDao"/>
        <constructor-arg ref="contactDao"/>
        <constructor-arg ref="addressDao"/>
        <constructor-arg ref="organizationDao"/>  
        <constructor-arg ref="superpowerDao"/>  
        <constructor-arg ref="orgMemberDao"/> 
        <constructor-arg ref="heroSuperpowerDao"/>
        <constructor-arg ref="locationDao"/> 
        <constructor-arg ref="sightingDao"/>  
    </bean>        
    <bean id="heroController" class="com.sg.superhero.HeroController">
        <constructor-arg ref="serviceLayer"/>
    </bean> 
    <bean id="locationController" class="com.sg.superhero.LocationController">
        <constructor-arg ref="serviceLayer"/>
    </bean> 
    <bean id="organizationController" class="com.sg.superhero.OrganizationController">
        <constructor-arg ref="serviceLayer"/>
    </bean> 
    <bean id="sightingsController" class="com.sg.superhero.SightingsController">
        <constructor-arg ref="serviceLayer"/>
    </bean>
          
</beans>
